<?xml version="1.0" encoding="UTF-8"?>
<!-- Generated by org.testng.reporters.JUnitReportReporter -->
<testsuite hostname="LAPTOP-RRHTTD67" failures="0" tests="1" name="com.example.demo.FEusingSEL.NavigationTest" time="8.045" errors="0" timestamp="29 Nov 2022 05:44:35 GMT" skipped="0">
  <testcase classname="com.example.demo.FEusingSEL.NavigationTest" name="navigationWPTest" time="8.045"/>
</testsuite> <!-- com.example.demo.FEusingSEL.NavigationTest -->
